#
# A fatal error has been detected by the Java Runtime Environment:
#
#  EXCEPTION_ACCESS_VIOLATION (0xc0000005) at pc=0x0000000180024c44, pid=4548, tid=0x00000000000017ac
#
# JRE version: Java(TM) SE Runtime Environment (8.0_111-b14) (build 1.8.0_111-b14)
# Java VM: Java HotSpot(TM) 64-Bit Server VM (25.111-b14 mixed mode windows-amd64 compressed oops)
# Problematic frame:
# C  [wpcap.dll+0x24c44]
#
# Failed to write core dump. Minidumps are not enabled by default on client versions of Windows
#
# If you would like to submit a bug report, please visit:
#   http://bugreport.java.com/bugreport/crash.jsp
# The crash happened outside the Java Virtual Machine in native code.
# See problematic frame for where to report the bug.
#

---------------  T H R E A D  ---------------

Current thread (0x00000000569d7000):  JavaThread "Thread-2" [_thread_in_native, id=6060, stack(0x0000000064c40000,0x0000000064d40000)]

siginfo: ExceptionCode=0xc0000005, reading address 0x00000000000002c0

Registers:
RAX=0x00000000575f80a8, RBX=0x000000006851ed50, RCX=0x0000000000000000, RDX=0x00000000ffffffff
RSP=0x0000000064d3f5c0, RBP=0x00000000ffffffff, RSI=0x0000000064d3f660, RDI=0x0000000000000000
R8 =0x000007fef8152330, R9 =0x0000000000000000, R10=0x0000000054b0abf8, R11=0x0000000057780ac8
R12=0x00000000569d71f8, R13=0x000007fef8150000, R14=0x0000000000000000, R15=0x00000000569d7000
RIP=0x0000000180024c44, EFLAGS=0x0000000000010206

Top of Stack: (sp=0x0000000064d3f5c0)
0x0000000064d3f5c0:   00000000569d7000 0000000000000000
0x0000000064d3f5d0:   00000000569d71f8 0000000064d3f650
0x0000000064d3f5e0:   0000000000000000 000007fef8151c65
0x0000000064d3f5f0:   000000006851ed50 00000000ffffffff
0x0000000064d3f600:   0000000064d3f660 00000000025fe0cd
0x0000000064d3f610:   0000000064d3f6b0 0000000000000000
0x0000000064d3f620:   0000000000047e50 00000000028d4995
0x0000000064d3f630:   0000000054b0c458 0000000064d3f690
0x0000000064d3f640:   00000000113a0000 00000000025fe0e2
0x0000000064d3f650:   00000000eb27a9a8 0000000054b0c458
0x0000000064d3f660:   00000000eb2c31d0 0000000054b0b148
0x0000000064d3f670:   0000000000000000 0000000054b0c458
0x0000000064d3f680:   0000000064d3f708 00000000025e83d1
0x0000000064d3f690:   0000000064d3f708 00000000025e7e20
0x0000000064d3f6a0:   00000000eae130a0 00000000025e7e20
0x0000000064d3f6b0:   00000000eb2c31d0 00000000ffffffff 

Instructions: (pc=0x0000000180024c44)
0x0000000180024c24:   cc cc cc cc cc cc cc cc cc cc cc cc 48 89 5c 24
0x0000000180024c34:   08 48 89 6c 24 10 48 89 74 24 18 57 48 83 ec 20
0x0000000180024c44:   83 b9 c0 02 00 00 00 49 8b f9 49 8b f0 8b ea 48
0x0000000180024c54:   8b d9 74 17 83 b9 d0 02 00 00 00 75 0e e8 ca bf 


Register to memory mapping:

RAX=0x00000000575f80a8 is a global jni handle
RBX=0x000000006851ed50 is an unknown value
RCX=0x0000000000000000 is an unknown value
RDX=0x00000000ffffffff is an unallocated location in the heap
RSP=0x0000000064d3f5c0 is pointing into the stack for thread: 0x00000000569d7000
RBP=0x00000000ffffffff is an unallocated location in the heap
RSI=0x0000000064d3f660 is pointing into the stack for thread: 0x00000000569d7000
RDI=0x0000000000000000 is an unknown value
R8 =0x000007fef8152330 is an unknown value
R9 =0x0000000000000000 is an unknown value
R10=0x0000000054b0abf8 is pointing into metadata
R11=0x0000000057780ac8 is an unknown value
R12=0x00000000569d71f8 is an unknown value
R13=0x000007fef8150000 is an unknown value
R14=0x0000000000000000 is an unknown value
R15=0x00000000569d7000 is a thread


Stack: [0x0000000064c40000,0x0000000064d40000],  sp=0x0000000064d3f5c0,  free space=1021k
Native frames: (J=compiled Java code, j=interpreted, Vv=VM code, C=native code)
C  [wpcap.dll+0x24c44]
C  [Jpcap.dll+0x1c65]
C  0x00000000028d4995

Java frames: (J=compiled Java code, j=interpreted, Vv=VM code)
J 867  jpcap.JpcapCaptor.processPacket(ILjpcap/PacketReceiver;)I (0 bytes) @ 0x00000000028d490f [0x00000000028d48c0+0x4f]
j  netcap.Netcaptor$1.run()V+25
j  java.lang.Thread.run()V+11
v  ~StubRoutines::call_stub

---------------  P R O C E S S  ---------------

Java Threads: ( => current thread )
=>0x00000000569d7000 JavaThread "Thread-2" [_thread_in_native, id=6060, stack(0x0000000064c40000,0x0000000064d40000)]
  0x00000000569ce000 JavaThread "TimerQueue" daemon [_thread_blocked, id=2768, stack(0x0000000063040000,0x0000000063140000)]
  0x000000005768d000 JavaThread "D3D Screen Updater" daemon [_thread_blocked, id=256, stack(0x00000000620e0000,0x00000000621e0000)]
  0x000000000200c000 JavaThread "DestroyJavaVM" [_thread_blocked, id=7156, stack(0x00000000024e0000,0x00000000025e0000)]
  0x0000000057619800 JavaThread "AWT-EventQueue-0" [_thread_in_native, id=6292, stack(0x0000000061920000,0x0000000061a20000)]
  0x0000000057586000 JavaThread "AWT-Windows" daemon [_thread_in_native, id=6112, stack(0x0000000057d70000,0x0000000057e70000)]
  0x0000000057583800 JavaThread "AWT-Shutdown" [_thread_blocked, id=3916, stack(0x0000000058130000,0x0000000058230000)]
  0x0000000057582800 JavaThread "Java2D Disposer" daemon [_thread_blocked, id=6808, stack(0x0000000057f40000,0x0000000058040000)]
  0x000000005684d800 JavaThread "Service Thread" daemon [_thread_blocked, id=6732, stack(0x0000000056e60000,0x0000000056f60000)]
  0x00000000567f9800 JavaThread "C1 CompilerThread1" daemon [_thread_blocked, id=6848, stack(0x0000000057160000,0x0000000057260000)]
  0x00000000567f1000 JavaThread "C2 CompilerThread0" daemon [_thread_blocked, id=7016, stack(0x0000000057030000,0x0000000057130000)]
  0x00000000567e4800 JavaThread "JDWP Command Reader" daemon [_thread_in_native, id=6240, stack(0x0000000056be0000,0x0000000056ce0000)]
  0x0000000054d0e800 JavaThread "JDWP Event Helper Thread" daemon [_thread_blocked, id=6492, stack(0x0000000056d60000,0x0000000056e60000)]
  0x0000000054d03800 JavaThread "JDWP Transport Listener: dt_socket" daemon [_thread_blocked, id=6056, stack(0x00000000565a0000,0x00000000566a0000)]
  0x0000000054cfc800 JavaThread "Attach Listener" daemon [_thread_blocked, id=6888, stack(0x0000000056120000,0x0000000056220000)]
  0x0000000054ce8800 JavaThread "Signal Dispatcher" daemon [_thread_blocked, id=6716, stack(0x0000000055f90000,0x0000000056090000)]
  0x0000000054cbc800 JavaThread "Finalizer" daemon [_thread_blocked, id=5656, stack(0x0000000055d10000,0x0000000055e10000)]
  0x0000000054c75000 JavaThread "Reference Handler" daemon [_thread_blocked, id=3528, stack(0x0000000055b10000,0x0000000055c10000)]

Other Threads:
  0x0000000054c6b800 VMThread [stack: 0x00000000558d0000,0x00000000559d0000] [id=5308]
  0x0000000056810000 WatcherThread [stack: 0x0000000057450000,0x0000000057550000] [id=6812]

VM state:not at safepoint (normal execution)

VM Mutex/Monitor currently owned by a thread: None

Heap:
 PSYoungGen      total 18944K, used 8581K [0x00000000eab00000, 0x00000000ec000000, 0x0000000100000000)
  eden space 16384K, 52% used [0x00000000eab00000,0x00000000eb361768,0x00000000ebb00000)
  from space 2560K, 0% used [0x00000000ebd80000,0x00000000ebd80000,0x00000000ec000000)
  to   space 2560K, 0% used [0x00000000ebb00000,0x00000000ebb00000,0x00000000ebd80000)
 ParOldGen       total 44032K, used 0K [0x00000000c0000000, 0x00000000c2b00000, 0x00000000eab00000)
  object space 44032K, 0% used [0x00000000c0000000,0x00000000c0000000,0x00000000c2b00000)
 Metaspace       used 12838K, capacity 13120K, committed 13312K, reserved 1060864K
  class space    used 1687K, capacity 1790K, committed 1792K, reserved 1048576K

Card table byte_map: [0x00000000119a0000,0x0000000011bb0000] byte_map_base: 0x00000000113a0000

Marking Bits: (ParMarkBitMap*) 0x000000006859a6c0
 Begin Bits: [0x0000000012110000, 0x0000000013110000)
 End Bits:   [0x0000000013110000, 0x0000000014110000)

Polling page: 0x0000000000300000

CodeCache: size=245760Kb used=3423Kb max_used=3432Kb free=242336Kb
 bounds [0x00000000025e0000, 0x0000000002940000, 0x00000000115e0000]
 total_blobs=1438 nmethods=952 adapters=407
 compilation: enabled

Compilation events (10 events):
Event: 46.323 Thread 0x00000000567f9800  947       3       sun.java2d.pipe.RenderBuffer::putDouble (26 bytes)
Event: 46.324 Thread 0x00000000567f9800 nmethod 947 0x0000000002934310 code [0x0000000002934460, 0x00000000029345d0]
Event: 46.788 Thread 0x00000000567f9800  949       3       java.awt.LightweightDispatcher::retargetMouseEvent (350 bytes)
Event: 46.791 Thread 0x00000000567f9800 nmethod 949 0x0000000002934690 code [0x0000000002934a00, 0x0000000002937438]
Event: 46.826 Thread 0x00000000567f1000  950       4       java.util.ArrayList$Itr::next (66 bytes)
Event: 46.828 Thread 0x00000000567f1000 nmethod 950 0x000000000293afd0 code [0x000000000293b120, 0x000000000293b298]
Event: 47.158 Thread 0x00000000567f9800  951       3       java.awt.Container::adjustDescendants (21 bytes)
Event: 47.159 Thread 0x00000000567f9800 nmethod 951 0x000000000293ab50 code [0x000000000293acc0, 0x000000000293af28]
Event: 47.159 Thread 0x00000000567f9800  952       3       java.util.HashMap::<init> (11 bytes)
Event: 47.159 Thread 0x00000000567f9800 nmethod 952 0x000000000293a6d0 code [0x000000000293a840, 0x000000000293aa50]

GC Heap History (0 events):
No events

Deoptimization events (7 events):
Event: 15.117 Thread 0x0000000057619800 Uncommon trap: reason=class_check action=maybe_recompile pc=0x00000000027668e8 method=java.lang.String.equals(Ljava/lang/Object;)Z @ 8
Event: 15.117 Thread 0x0000000057619800 Uncommon trap: reason=class_check action=maybe_recompile pc=0x00000000027668e8 method=java.lang.String.equals(Ljava/lang/Object;)Z @ 8
Event: 15.117 Thread 0x0000000057619800 Uncommon trap: reason=class_check action=maybe_recompile pc=0x00000000027668e8 method=java.lang.String.equals(Ljava/lang/Object;)Z @ 8
Event: 15.955 Thread 0x0000000057619800 Uncommon trap: reason=class_check action=maybe_recompile pc=0x00000000027668e8 method=java.lang.String.equals(Ljava/lang/Object;)Z @ 8
Event: 19.792 Thread 0x0000000057619800 Uncommon trap: reason=bimorphic action=maybe_recompile pc=0x0000000002847938 method=java.util.HashMap.getNode(ILjava/lang/Object;)Ljava/util/HashMap$Node; @ 126
Event: 19.792 Thread 0x0000000057619800 Uncommon trap: reason=bimorphic action=maybe_recompile pc=0x0000000002847938 method=java.util.HashMap.getNode(ILjava/lang/Object;)Ljava/util/HashMap$Node; @ 126
Event: 19.792 Thread 0x0000000057619800 Uncommon trap: reason=bimorphic action=maybe_recompile pc=0x0000000002847938 method=java.util.HashMap.getNode(ILjava/lang/Object;)Ljava/util/HashMap$Node; @ 126

Internal exceptions (10 events):
Event: 3.038 Thread 0x000000000200c000 Exception <a 'java/security/PrivilegedActionException'> (0x00000000eac2f628) thrown at [C:\re\workspace\8-2-build-windows-amd64-cygwin\jdk8u111\7883\hotspot\src\share\vm\prims\jvm.cpp, line 1386]
Event: 3.038 Thread 0x000000000200c000 Exception <a 'java/security/PrivilegedActionException'> (0x00000000eac2f838) thrown at [C:\re\workspace\8-2-build-windows-amd64-cygwin\jdk8u111\7883\hotspot\src\share\vm\prims\jvm.cpp, line 1386]
Event: 3.040 Thread 0x000000000200c000 Exception <a 'java/security/PrivilegedActionException'> (0x00000000eac32380) thrown at [C:\re\workspace\8-2-build-windows-amd64-cygwin\jdk8u111\7883\hotspot\src\share\vm\prims\jvm.cpp, line 1386]
Event: 3.040 Thread 0x000000000200c000 Exception <a 'java/security/PrivilegedActionException'> (0x00000000eac32590) thrown at [C:\re\workspace\8-2-build-windows-amd64-cygwin\jdk8u111\7883\hotspot\src\share\vm\prims\jvm.cpp, line 1386]
Event: 3.176 Thread 0x000000000200c000 Exception <a 'java/io/FileNotFoundException'> (0x00000000eacb9dc8) thrown at [C:\re\workspace\8-2-build-windows-amd64-cygwin\jdk8u111\7883\hotspot\src\share\vm\prims\jni.cpp, line 709]
Event: 3.375 Thread 0x000000000200c000 Exception <a 'java/lang/NoSuchFieldError': method resolution failed> (0x00000000ead87218) thrown at [C:\re\workspace\8-2-build-windows-amd64-cygwin\jdk8u111\7883\hotspot\src\share\vm\prims\methodHandles.cpp, line 1146]
Event: 3.421 Thread 0x000000000200c000 Exception <a 'java/lang/NoSuchFieldError': method resolution failed> (0x00000000ead945e8) thrown at [C:\re\workspace\8-2-build-windows-amd64-cygwin\jdk8u111\7883\hotspot\src\share\vm\prims\methodHandles.cpp, line 1146]
Event: 3.716 Thread 0x000000000200c000 Exception <a 'java/io/FileNotFoundException'> (0x00000000eae28788) thrown at [C:\re\workspace\8-2-build-windows-amd64-cygwin\jdk8u111\7883\hotspot\src\share\vm\prims\jni.cpp, line 709]
Event: 6.052 Thread 0x000000000200c000 Exception <a 'java/io/FileNotFoundException'> (0x00000000eaff5c78) thrown at [C:\re\workspace\8-2-build-windows-amd64-cygwin\jdk8u111\7883\hotspot\src\share\vm\prims\jni.cpp, line 709]
Event: 6.052 Thread 0x000000000200c000 Exception <a 'java/lang/NullPointerException'> (0x00000000eaff62b0) thrown at [C:\re\workspace\8-2-build-windows-amd64-cygwin\jdk8u111\7883\hotspot\src\share\vm\interpreter\linkResolver.cpp, line 1178]

Events (10 events):
Event: 19.910 Executing VM operation: RevokeBias
Event: 19.910 Executing VM operation: RevokeBias done
Event: 19.912 Executing VM operation: RevokeBias
Event: 19.912 Executing VM operation: RevokeBias done
Event: 19.927 Executing VM operation: ChangeBreakpoints
Event: 19.928 Executing VM operation: ChangeBreakpoints done
Event: 46.315 Executing VM operation: BulkRevokeBias
Event: 46.316 Executing VM operation: BulkRevokeBias done
Event: 46.316 loading class java/awt/KeyboardFocusManager$4
Event: 46.316 loading class java/awt/KeyboardFocusManager$4 done


Dynamic libraries:
0x000000013f460000 - 0x000000013f497000 	D:\Program\Java\jdk1.8.0_111\bin\javaw.exe
0x0000000077720000 - 0x00000000778c9000 	C:\Windows\SYSTEM32\ntdll.dll
0x00000000774a0000 - 0x00000000775bf000 	C:\Windows\system32\kernel32.dll
0x000007fefdc30000 - 0x000007fefdc9c000 	C:\Windows\system32\KERNELBASE.dll
0x000007fefe290000 - 0x000007fefe36b000 	C:\Windows\system32\ADVAPI32.dll
0x000007feff860000 - 0x000007feff8ff000 	C:\Windows\system32\msvcrt.dll
0x000007fefe6c0000 - 0x000007fefe6df000 	C:\Windows\SYSTEM32\sechost.dll
0x000007fefdf50000 - 0x000007fefe07d000 	C:\Windows\system32\RPCRT4.dll
0x0000000077020000 - 0x000000007711a000 	C:\Windows\system32\USER32.dll
0x000007feff7c0000 - 0x000007feff827000 	C:\Windows\system32\GDI32.dll
0x000007fefe730000 - 0x000007fefe73e000 	C:\Windows\system32\LPK.dll
0x000007fefe570000 - 0x000007fefe639000 	C:\Windows\system32\USP10.dll
0x000007fefc480000 - 0x000007fefc674000 	C:\Windows\WinSxS\amd64_microsoft.windows.common-controls_6595b64144ccf1df_6.0.7601.17514_none_fa396087175ac9ac\COMCTL32.dll
0x000007fefe370000 - 0x000007fefe3e1000 	C:\Windows\system32\SHLWAPI.dll
0x000007feff830000 - 0x000007feff85e000 	C:\Windows\system32\IMM32.DLL
0x000007feff900000 - 0x000007feffa09000 	C:\Windows\system32\MSCTF.dll
0x000000006fc00000 - 0x000000006fcd2000 	D:\Program\Java\jdk1.8.0_111\jre\bin\msvcr100.dll
0x0000000067d80000 - 0x000000006861a000 	D:\Program\Java\jdk1.8.0_111\jre\bin\server\jvm.dll
0x000007fef97a0000 - 0x000007fef97a9000 	C:\Windows\system32\WSOCK32.dll
0x000007fefe6e0000 - 0x000007fefe72d000 	C:\Windows\system32\WS2_32.dll
0x000007fefe740000 - 0x000007fefe748000 	C:\Windows\system32\NSI.dll
0x000007fefbad0000 - 0x000007fefbb0b000 	C:\Windows\system32\WINMM.dll
0x000007fefcc30000 - 0x000007fefcc3c000 	C:\Windows\system32\VERSION.dll
0x00000000778f0000 - 0x00000000778f7000 	C:\Windows\system32\PSAPI.DLL
0x0000000069510000 - 0x000000006951f000 	D:\Program\Java\jdk1.8.0_111\jre\bin\verify.dll
0x00000000694e0000 - 0x0000000069509000 	D:\Program\Java\jdk1.8.0_111\jre\bin\java.dll
0x000000006fbc0000 - 0x000000006fbf5000 	D:\Program\Java\jdk1.8.0_111\jre\bin\jdwp.dll
0x000000006fbb0000 - 0x000000006fbb8000 	D:\Program\Java\jdk1.8.0_111\jre\bin\npt.dll
0x0000000069450000 - 0x0000000069466000 	D:\Program\Java\jdk1.8.0_111\jre\bin\zip.dll
0x000007fefe750000 - 0x000007feff4d8000 	C:\Windows\system32\SHELL32.dll
0x000007fefe080000 - 0x000007fefe283000 	C:\Windows\system32\ole32.dll
0x000007fefdb80000 - 0x000007fefdb8f000 	C:\Windows\system32\profapi.dll
0x000000006fba0000 - 0x000000006fba9000 	D:\Program\Java\jdk1.8.0_111\jre\bin\dt_socket.dll
0x000007fef88d0000 - 0x000007fef88fd000 	C:\Program Files (x86)\Sangfor\SSL\ClientComponent\SangforNspX64.dll
0x000007fefe3f0000 - 0x000007fefe4c7000 	C:\Windows\system32\OLEAUT32.dll
0x000007fefbab0000 - 0x000007fefbac5000 	C:\Windows\system32\NLAapi.dll
0x000007fef88a0000 - 0x000007fef88b5000 	C:\Windows\system32\napinsp.dll
0x000007fef8860000 - 0x000007fef8879000 	C:\Windows\system32\pnrpnsp.dll
0x000007fefd3f0000 - 0x000007fefd445000 	C:\Windows\System32\mswsock.dll
0x000007fefd270000 - 0x000007fefd2cb000 	C:\Windows\system32\DNSAPI.dll
0x000007fef8830000 - 0x000007fef883b000 	C:\Windows\System32\winrnr.dll
0x0000000071d40000 - 0x0000000071d66000 	C:\Program Files\Bonjour\mdnsNSP.dll
0x000007fefad70000 - 0x000007fefad97000 	C:\Windows\system32\Iphlpapi.DLL
0x000007fefad50000 - 0x000007fefad5b000 	C:\Windows\system32\WINNSI.DLL
0x000007fefabc0000 - 0x000007fefac13000 	C:\Windows\System32\fwpuclnt.dll
0x000007fef8820000 - 0x000007fef8828000 	C:\Windows\system32\rasadhlp.dll
0x000007fefcc40000 - 0x000007fefcdba000 	C:\Program Files (x86)\Sangfor\SSL\ClientComponent\SangforTcpX64.dll
0x000007fefdf10000 - 0x000007fefdf4a000 	C:\Windows\system32\WINTRUST.dll
0x000007fefdd40000 - 0x000007fefdeac000 	C:\Windows\system32\CRYPT32.dll
0x000007fefdc20000 - 0x000007fefdc2f000 	C:\Windows\system32\MSASN1.dll
0x000007fefcc20000 - 0x000007fefcc27000 	C:\Windows\System32\wshtcpip.dll
0x0000000057260000 - 0x00000000573f8000 	D:\Program\Java\jdk1.8.0_111\jre\bin\awt.dll
0x000007fefbd80000 - 0x000007fefbd98000 	C:\Windows\system32\DWMAPI.DLL
0x000007fefc150000 - 0x000007fefc1a6000 	C:\Windows\system32\uxtheme.dll
0x000007fefda50000 - 0x000007fefdaa7000 	C:\Windows\system32\apphelp.dll
0x000007fef61a0000 - 0x000007fef6963000 	C:\Windows\system32\SOGOUPY.IME
0x000007fefb2c0000 - 0x000007fefb2c7000 	C:\Windows\system32\MSIMG32.dll
0x000007fefb420000 - 0x000007fefb474000 	C:\Windows\system32\OLEACC.dll
0x000007fefbbe0000 - 0x000007fefbc0d000 	C:\Windows\system32\ntmarta.dll
0x000007feff760000 - 0x000007feff7b2000 	C:\Windows\system32\WLDAP32.dll
0x000007fefdab0000 - 0x000007fefdabf000 	C:\Windows\system32\CRYPTBASE.dll
0x000007fef6be0000 - 0x000007fef6bf1000 	D:\Program\Dict\6.3.69.8341\WordStrokeHelper64.dll
0x000007fee7ad0000 - 0x000007fee7ccf000 	C:\Windows\system32\d3d9.dll
0x000007fefac30000 - 0x000007fefac37000 	C:\Windows\system32\d3d8thk.dll
0x000000006ff20000 - 0x0000000070010000 	C:\Windows\system32\aticfx64.dll
0x000007fefac20000 - 0x000007fefac2e000 	C:\Windows\system32\atiu9p64.dll
0x000000005c160000 - 0x000000005c89d000 	C:\Windows\system32\atiumd64.dll
0x0000000077b30000 - 0x0000000077ff7000 	C:\Windows\system32\atiumd6a.dll
0x000000006a100000 - 0x000000006a147000 	D:\Program\Java\jdk1.8.0_111\jre\bin\fontmanager.dll
0x0000000055f30000 - 0x0000000055f4a000 	D:\Program\Java\jdk1.8.0_111\jre\bin\net.dll
0x000007fefd3e0000 - 0x000007fefd3e7000 	C:\Windows\System32\wship6.dll
0x0000000055f50000 - 0x0000000055f61000 	D:\Program\Java\jdk1.8.0_111\jre\bin\nio.dll
0x000000005e420000 - 0x000000005e462000 	D:\Program\Java\jdk1.8.0_111\jre\bin\t2k.dll
0x0000000056f60000 - 0x0000000057024000 	C:\Program Files (x86)\SogouInput\7.4.0.4502\Resource.dll
0x000007fef8150000 - 0x000007fef817b000 	D:\Program\Java\jdk1.8.0_111\bin\Jpcap.dll
0x0000000180000000 - 0x0000000180065000 	C:\Windows\system32\wpcap.dll
0x000000005beb0000 - 0x000000005becf000 	C:\Windows\system32\packet.dll
0x000007fefac80000 - 0x000007fefac91000 	C:\Windows\system32\dhcpcsvc6.DLL
0x000007fefac60000 - 0x000007fefac78000 	C:\Windows\system32\dhcpcsvc.DLL
0x000007fefe4d0000 - 0x000007fefe569000 	C:\Windows\system32\CLBCatQ.DLL
0x000007fefbc10000 - 0x000007fefbd3a000 	C:\Windows\system32\WindowsCodecs.dll
0x00000000700e0000 - 0x0000000070100000 	C:\Program Files\Common Files\TortoiseOverlays\TortoiseOverlays.dll
0x00000000700c0000 - 0x00000000700db000 	D:\Program\Tortoise\SVN\bin\TortoiseStub.dll
0x0000000070030000 - 0x00000000700b6000 	D:\Program\Tortoise\SVN\bin\TortoiseSVN.dll
0x00000000775c0000 - 0x000000007771b000 	C:\Windows\system32\WININET.dll
0x00000000778e0000 - 0x00000000778e3000 	C:\Windows\system32\Normaliz.dll
0x0000000077280000 - 0x0000000077492000 	C:\Windows\system32\iertutil.dll
0x0000000077120000 - 0x0000000077277000 	C:\Windows\system32\urlmon.dll
0x000007fef55e0000 - 0x000007fef5b8a000 	D:\Program\Tortoise\SVN\bin\libsvn_tsvn.dll
0x000000006fee0000 - 0x000000006ff14000 	D:\Program\Tortoise\SVN\bin\libapr_tsvn.dll
0x000007fef55c0000 - 0x000007fef55d7000 	D:\Program\Tortoise\SVN\bin\VCRUNTIME140.dll
0x000007fef55b0000 - 0x000007fef55b4000 	D:\Program\Tortoise\SVN\bin\api-ms-win-crt-runtime-l1-1-0.dll
0x000007fef54b0000 - 0x000007fef55a4000 	D:\Program\Tortoise\SVN\bin\ucrtbase.DLL
0x000007fef54a0000 - 0x000007fef54a3000 	D:\Program\Tortoise\SVN\bin\api-ms-win-core-timezone-l1-1-0.dll
0x000007fef5490000 - 0x000007fef5493000 	D:\Program\Tortoise\SVN\bin\api-ms-win-core-file-l2-1-0.dll
0x000007fef5480000 - 0x000007fef5483000 	D:\Program\Tortoise\SVN\bin\api-ms-win-core-localization-l1-2-0.dll
0x000007fef5470000 - 0x000007fef5473000 	D:\Program\Tortoise\SVN\bin\api-ms-win-core-synch-l1-2-0.dll
0x000007fef5460000 - 0x000007fef5463000 	D:\Program\Tortoise\SVN\bin\api-ms-win-core-processthreads-l1-1-1.dll
0x000007fef5450000 - 0x000007fef5453000 	D:\Program\Tortoise\SVN\bin\api-ms-win-core-file-l1-2-0.dll
0x000007fef5440000 - 0x000007fef5444000 	D:\Program\Tortoise\SVN\bin\api-ms-win-crt-string-l1-1-0.dll
0x000007fef5430000 - 0x000007fef5433000 	D:\Program\Tortoise\SVN\bin\api-ms-win-crt-heap-l1-1-0.dll
0x000007fef5420000 - 0x000007fef5424000 	D:\Program\Tortoise\SVN\bin\api-ms-win-crt-stdio-l1-1-0.dll
0x000007fef5410000 - 0x000007fef5414000 	D:\Program\Tortoise\SVN\bin\api-ms-win-crt-convert-l1-1-0.dll
0x000007fef5400000 - 0x000007fef5403000 	D:\Program\Tortoise\SVN\bin\api-ms-win-crt-conio-l1-1-0.dll
0x000007fef53f0000 - 0x000007fef53f3000 	D:\Program\Tortoise\SVN\bin\api-ms-win-crt-utility-l1-1-0.dll
0x000007fef53e0000 - 0x000007fef53e5000 	D:\Program\Tortoise\SVN\bin\api-ms-win-crt-math-l1-1-0.dll
0x000007fef53d0000 - 0x000007fef53d3000 	D:\Program\Tortoise\SVN\bin\api-ms-win-crt-environment-l1-1-0.dll
0x000007fef53c0000 - 0x000007fef53c3000 	D:\Program\Tortoise\SVN\bin\api-ms-win-crt-time-l1-1-0.dll
0x000000006fe90000 - 0x000000006fed7000 	D:\Program\Tortoise\SVN\bin\libaprutil_tsvn.dll
0x000007fef53a0000 - 0x000007fef53b3000 	D:\Program\Tortoise\SVN\bin\intl3_tsvn.dll
0x000007fef5390000 - 0x000007fef5393000 	D:\Program\Tortoise\SVN\bin\api-ms-win-crt-filesystem-l1-1-0.dll
0x000007fef5370000 - 0x000007fef538b000 	D:\Program\Tortoise\SVN\bin\libsasl.dll
0x000007fefd850000 - 0x000007fefd85b000 	C:\Windows\system32\Secur32.dll
0x000007fefda20000 - 0x000007fefda45000 	C:\Windows\system32\SSPICLI.DLL
0x000007fef5360000 - 0x000007fef5363000 	D:\Program\Tortoise\SVN\bin\api-ms-win-crt-locale-l1-1-0.dll
0x000007fef52c0000 - 0x000007fef535e000 	D:\Program\Tortoise\SVN\bin\MSVCP140.dll
0x000007fef52b0000 - 0x000007fef52b5000 	D:\Program\Tortoise\SVN\bin\api-ms-win-crt-multibyte-l1-1-0.dll
0x000007fef5270000 - 0x000007fef52a1000 	D:\Program\Tortoise\SVN\bin\crshhndl.dll
0x000000006fe10000 - 0x000000006fe2b000 	D:\Program\Tortoise\Git\bin\TortoiseGitStub.dll
0x000000006fd20000 - 0x000000006fdb0000 	D:\Program\Tortoise\Git\bin\TortoiseGit.dll
0x000007fef5170000 - 0x000007fef5266000 	D:\Program\Tortoise\Git\bin\libgit2_tgit.dll
0x000007fef8ae0000 - 0x000007fef8b51000 	C:\Windows\system32\WINHTTP.dll
0x000007fef8a70000 - 0x000007fef8ad4000 	C:\Windows\system32\webio.dll
0x000007fef50d0000 - 0x000007fef50e8000 	D:\Program\Tortoise\Git\bin\zlib1_tgit.dll
0x000007fef9060000 - 0x000007fef914f000 	C:\Windows\system32\MSVCR120.dll
0x000007fef4fd0000 - 0x000007fef50d0000 	D:\Program\Tortoise\Git\bin\gitdll.dll
0x000007fef4f20000 - 0x000007fef4fc6000 	C:\Windows\system32\MSVCP120.dll
0x000007fefd450000 - 0x000007fefd467000 	C:\Windows\system32\CRYPTSP.dll

VM Arguments:
jvm_args: -agentlib:jdwp=transport=dt_socket,suspend=y,address=localhost:51762 -Dfile.encoding=UTF-8 
java_command: netcap.JFrameMain
java_class_path (initial): D:\workspace\JavaNetCap\target\classes;D:\Program\apache\maven-3.3.9\repo\org\apache\httpcomponents\httpclient\4.5.2\httpclient-4.5.2.jar;D:\Program\apache\maven-3.3.9\repo\org\apache\httpcomponents\httpcore\4.4.4\httpcore-4.4.4.jar;D:\Program\apache\maven-3.3.9\repo\commons-logging\commons-logging\1.2\commons-logging-1.2.jar;D:\Program\apache\maven-3.3.9\repo\org\json\json\20141113\json-20141113.jar;D:\Program\apache\maven-3.3.9\repo\commons-codec\commons-codec\1.10\commons-codec-1.10.jar;D:\Program\apache\maven-3.3.9\repo\org\apache\logging\log4j\log4j-core\2.1\log4j-core-2.1.jar;D:\Program\apache\maven-3.3.9\repo\org\apache\logging\log4j\log4j-api\2.1\log4j-api-2.1.jar;D:\Program\apache\maven-3.3.9\repo\net\sourceforge\jexcelapi\jxl\2.6.12\jxl-2.6.12.jar;D:\Program\apache\maven-3.3.9\repo\log4j\log4j\1.2.14\log4j-1.2.14.jar
Launcher Type: SUN_STANDARD

Environment Variables:
JAVA_HOME=D:\Program\Java\jdk1.8.0_111
CLASSPATH=D:\Program\apache\ant-1.9.7\lib
PATH=D:\Program\Java\jdk1.8.0_111\jre\bin;D:/Program/Java/jdk1.8.0_111/bin/../jre/bin/server;D:/Program/Java/jdk1.8.0_111/bin/../jre/bin;D:/Program/Java/jdk1.8.0_111/bin/../jre/lib/amd64;C:\Program Files (x86)\Common Files\NetSarang;C:\Windows\system32;C:\Windows;C:\Windows\System32\Wbem;C:\Windows\System32\WindowsPowerShell\v1.0\;D:\Program\Tortoise\SVN\bin;D:\Program\Tortoise\Git\bin;D:\Program\Git\Git\cmd;D:\Program\Go\bin;D:\Program\Java\jdk1.8.0_111\bin;D:\Program\apache\ant-1.9.7\bin;D:\Program\apache\maven-3.3.9\bin;;D:\Program\Boot2Docker for Windows;C:\Users\Administrator\Desktop;
USERNAME=Administrator
OS=Windows_NT
PROCESSOR_IDENTIFIER=AMD64 Family 16 Model 5 Stepping 3, AuthenticAMD



---------------  S Y S T E M  ---------------

OS: Windows 7 , 64 bit Build 7601 (6.1.7601.18409)

CPU:total 3 (3 cores per cpu, 1 threads per core) family 16 model 5 stepping 3, cmov, cx8, fxsr, mmx, sse, sse2, sse3, popcnt, mmxext, 3dnowpref, lzcnt, sse4a, tsc, tscinvbit, tscinv

Memory: 4k page, physical 4192424k(978972k free), swap 8382984k(3779464k free)

vm_info: Java HotSpot(TM) 64-Bit Server VM (25.111-b14) for windows-amd64 JRE (1.8.0_111-b14), built on Sep 22 2016 19:24:05 by "java_re" with MS VC++ 10.0 (VS2010)

time: Wed Jan 18 08:58:17 2017
elapsed time: 47 seconds (0d 0h 0m 47s)

